error: pid invalid
error: undefined
error: undefined
error: No recipients defined
error: No recipients defined
error: No recipients defined
error: No recipients defined
error: No recipients defined
error: No recipients defined
error: No recipients defined
error: No recipients defined
error: null
error: null
error: undefined
error: undefined
error: undefined
error: undefined
error: undefined
error: undefined
error: undefined
error: undefined
error: undefined
error: undefined
error: undefined
error: undefined
error: undefined
error: undefined
error: undefined
error: undefined
error: undefined
error: undefined
error: undefined
error: undefined
error: undefined
error: undefined
error: undefined
error: null
error: null
error: users.foreach is not a function
error: Error to create a user
error: Error to create a user
error: Error to create a user
error: Error to create a user
error: Error to create a user
error: Error to create a user
error: null
